<?xml version="1.0" encoding="UTF-8"?>
<!-- Generated by org.testng.reporters.JUnitXMLReporter -->
<testsuite ignored="0" hostname="LAPTOP-9FQQ2M9B" failures="0" tests="4" name="Surefire test" time="12.942" errors="0" timestamp="2025-09-15T11:53:04 IST">
  <testcase classname="api.testcases.UserTest" name="testCreateUser" time="4.074"/>
  <testcase classname="api.testcases.UserTest" name="testGetUserData" time="2.18"/>
  <testcase classname="api.testcases.UserTest" name="testUpdateUser" time="4.125"/>
  <testcase classname="api.testcases.UserTest" name="testDeleteUser" time="2.325"/>
</testsuite> <!-- Surefire test -->
