<?xml version="1.0" encoding="UTF-8"?>
<testsuite xmlns:xsi="http://www.w3.org/2001/XMLSchema-instance" xsi:noNamespaceSchemaLocation="https://maven.apache.org/surefire/maven-surefire-plugin/xsd/surefire-test-report-3.0.xsd" version="3.0" name="api.testcases.UserTest" time="13.792" tests="4" errors="0" skipped="0" failures="0">
  <properties>
[...]
</properties>
  <testcase name="testCreateUser" classname="api.testcases.UserTest" time="4.079">
    <system-out><![CDATA[HTTP/1.1 200 OK
Date: Mon, 15 Sep 2025 06:22:55 GMT
Content-Type: application/json
Transfer-Encoding: chunked
Connection: keep-alive
Access-Control-Allow-Origin: *
Access-Control-Allow-Methods: GET, POST, DELETE, PUT
Access-Control-Allow-Headers: Content-Type, api_key, Authorization
Server: Jetty(9.2.9.v20150224)

{
    "code": 200,
    "type": "unknown",
    "message": "89509666"
}
]]></system-out>
  </testcase>
  <testcase name="testGetUserData" classname="api.testcases.UserTest" time="2.178">
    <system-out><![CDATA[Read User Data.
HTTP/1.1 200 OK
Date: Mon, 15 Sep 2025 06:22:58 GMT
Content-Type: application/json
Transfer-Encoding: chunked
Connection: keep-alive
Access-Control-Allow-Origin: *
Access-Control-Allow-Methods: GET, POST, DELETE, PUT
Access-Control-Allow-Headers: Content-Type, api_key, Authorization
Server: Jetty(9.2.9.v20150224)

{
    "id": 89509666,
    "username": "gia.okeefe",
    "firstName": "Juli",
    "lastName": "Ruecker",
    "email": "chi.osinski@example.com",
    "password": "o8iwysdg1",
    "phone": "908.280.8288",
    "userStatus": 0
}
]]></system-out>
  </testcase>
  <testcase name="testUpdateUser" classname="api.testcases.UserTest" time="4.125">
    <system-out><![CDATA[HTTP/1.1 200 OK
Date: Mon, 15 Sep 2025 06:23:00 GMT
Content-Type: application/json
Transfer-Encoding: chunked
Connection: keep-alive
Access-Control-Allow-Origin: *
Access-Control-Allow-Methods: GET, POST, DELETE, PUT
Access-Control-Allow-Headers: Content-Type, api_key, Authorization
Server: Jetty(9.2.9.v20150224)

{
    "code": 200,
    "type": "unknown",
    "message": "89509666"
}
After Update User Data.
HTTP/1.1 200 OK
Date: Mon, 15 Sep 2025 06:23:02 GMT
Content-Type: application/json
Transfer-Encoding: chunked
Connection: keep-alive
Access-Control-Allow-Origin: *
Access-Control-Allow-Methods: GET, POST, DELETE, PUT
Access-Control-Allow-Headers: Content-Type, api_key, Authorization
Server: Jetty(9.2.9.v20150224)

{
    "id": 89509666,
    "username": "gia.okeefe",
    "firstName": "Sheron",
    "lastName": "Ruecker",
    "email": "chi.osinski@example.com",
    "password": "o8iwysdg1",
    "phone": "908.280.8288",
    "userStatus": 0
}
]]></system-out>
  </testcase>
  <testcase name="testDeleteUser" classname="api.testcases.UserTest" time="2.327">
    <system-out><![CDATA[Delete User Data.
HTTP/1.1 404 Not Found
Date: Mon, 15 Sep 2025 06:23:04 GMT
Content-Length: 0
Connection: keep-alive
Access-Control-Allow-Origin: *
Access-Control-Allow-Methods: GET, POST, DELETE, PUT
Access-Control-Allow-Headers: Content-Type, api_key, Authorization
Server: Jetty(9.2.9.v20150224)
]]></system-out>
  </testcase>
</testsuite>