<?xml version="1.0" encoding="UTF-8"?>
<testsuite xmlns:xsi="http://www.w3.org/2001/XMLSchema-instance" xsi:noNamespaceSchemaLocation="https://maven.apache.org/surefire/maven-surefire-plugin/xsd/surefire-test-report-3.0.xsd" version="3.0" name="TestSuite" time="11.339" tests="4" errors="0" skipped="0" failures="0">
  <properties>
[...]
</properties>
  <testcase name="testCreateUser" classname="api.testcases.UserTest" time="3.118">
    <system-out><![CDATA[[DEBUG] 2025-09-15 15:29:56.729 [main] TestNG - suiteXmlPath: "C:\Users\Lenovo\eclipse-workspace\RestAssuredFramework\testng.xml"
On Start method invoked....
Name of test method started:testCreateUser
HTTP/1.1 200 OK
Date: Mon, 15 Sep 2025 10:00:00 GMT
Content-Type: application/json
Transfer-Encoding: chunked
Connection: keep-alive
Access-Control-Allow-Origin: *
Access-Control-Allow-Methods: GET, POST, DELETE, PUT
Access-Control-Allow-Headers: Content-Type, api_key, Authorization
Server: Jetty(9.2.9.v20150224)

{
    "code": 200,
    "type": "unknown",
    "message": "1424439581"
}
[INFO ] 2025-09-15 15:30:00.457 [main] RestAssuredFramework_test - Create User executed.
Name of test method sucessfully executed:testCreateUser
]]></system-out>
  </testcase>
  <testcase name="testGetUserData" classname="api.testcases.UserTest" time="1.602">
    <system-out><![CDATA[Name of test method started:testGetUserData
Read User Data.
HTTP/1.1 404 Not Found
Date: Mon, 15 Sep 2025 10:00:01 GMT
Content-Type: application/json
Transfer-Encoding: chunked
Connection: keep-alive
Access-Control-Allow-Origin: *
Access-Control-Allow-Methods: GET, POST, DELETE, PUT
Access-Control-Allow-Headers: Content-Type, api_key, Authorization
Server: Jetty(9.2.9.v20150224)

{
    "code": 1,
    "type": "error",
    "message": "User not found"
}
[INFO ] 2025-09-15 15:30:02.074 [main] RestAssuredFramework_test - Get User Data executed.
Name of test method sucessfully executed:testGetUserData
]]></system-out>
  </testcase>
  <testcase name="testUpdateUser" classname="api.testcases.UserTest" time="3.256">
    <system-out><![CDATA[Name of test method started:testUpdateUser
HTTP/1.1 200 OK
Date: Mon, 15 Sep 2025 10:00:03 GMT
Content-Type: application/json
Transfer-Encoding: chunked
Connection: keep-alive
Access-Control-Allow-Origin: *
Access-Control-Allow-Methods: GET, POST, DELETE, PUT
Access-Control-Allow-Headers: Content-Type, api_key, Authorization
Server: Jetty(9.2.9.v20150224)

{
    "code": 200,
    "type": "unknown",
    "message": "1424439581"
}
After Update User Data.
HTTP/1.1 200 OK
Date: Mon, 15 Sep 2025 10:00:05 GMT
Content-Type: application/json
Transfer-Encoding: chunked
Connection: keep-alive
Access-Control-Allow-Origin: *
Access-Control-Allow-Methods: GET, POST, DELETE, PUT
Access-Control-Allow-Headers: Content-Type, api_key, Authorization
Server: Jetty(9.2.9.v20150224)

{
    "id": 1424439581,
    "username": "arnoldo.buckridge",
    "firstName": "Enola",
    "lastName": "Dare",
    "email": "lavada.effertz@example.com",
    "password": "1l2llal",
    "phone": "350-673-7675",
    "userStatus": 0
}
[INFO ] 2025-09-15 15:30:05.330 [main] RestAssuredFramework_test - Update User executed.
Name of test method sucessfully executed:testUpdateUser
]]></system-out>
  </testcase>
  <testcase name="testDeleteUser" classname="api.testcases.UserTest" time="1.631">
    <system-out><![CDATA[Name of test method started:testDeleteUser
Delete User Data.
HTTP/1.1 200 OK
Date: Mon, 15 Sep 2025 10:00:06 GMT
Content-Type: application/json
Transfer-Encoding: chunked
Connection: keep-alive
Access-Control-Allow-Origin: *
Access-Control-Allow-Methods: GET, POST, DELETE, PUT
Access-Control-Allow-Headers: Content-Type, api_key, Authorization
Server: Jetty(9.2.9.v20150224)

{
    "code": 200,
    "type": "unknown",
    "message": "arnoldo.buckridge"
}
[INFO ] 2025-09-15 15:30:06.960 [main] RestAssuredFramework_test - Delete User executed.
Name of test method sucessfully executed:testDeleteUser
]]></system-out>
  </testcase>
</testsuite>